[INFO ] [2020/11/18 18:01:50:909 org.hibernate.Version-logVersion] : HHH000412: Hibernate ORM core version 5.4.22.Final
[INFO ] [2020/11/18 18:01:51:582 org.hibernate.annotations.common.reflection.java.JavaReflectionManager-<clinit>] : HCANN000001: Hibernate Commons Annotations {5.1.0.Final}
[WARN ] [2020/11/18 18:01:51:745 org.hibernate.engine.jdbc.connections.internal.DriverManagerConnectionProviderImpl-configure] : HHH10001002: Using Hibernate built-in connection pool (not for production use!)
[INFO ] [2020/11/18 18:01:51:746 org.hibernate.engine.jdbc.connections.internal.DriverManagerConnectionProviderImpl-buildCreator] : HHH10001005: using driver [oracle.jdbc.driver.OracleDriver] at URL [jdbc:oracle:thin:@localhost:1521/XEPDB1]
[INFO ] [2020/11/18 18:01:51:747 org.hibernate.engine.jdbc.connections.internal.DriverManagerConnectionProviderImpl-buildCreator] : HHH10001001: Connection properties: {password=****, user=group4}
[INFO ] [2020/11/18 18:01:51:747 org.hibernate.engine.jdbc.connections.internal.DriverManagerConnectionProviderImpl-buildCreator] : HHH10001003: Autocommit mode: false
[INFO ] [2020/11/18 18:01:51:751 org.hibernate.engine.jdbc.connections.internal.DriverManagerConnectionProviderImpl$PooledConnections-<init>] : HHH000115: Hibernate connection pool size: 20 (min=1)
[INFO ] [2020/11/18 18:01:51:871 org.hibernate.dialect.Dialect-<init>] : HHH000400: Using dialect: org.hibernate.dialect.Oracle12cDialect
[INFO ] [2020/11/18 18:02:30:580 org.hibernate.Version-logVersion] : HHH000412: Hibernate ORM core version 5.4.22.Final
[INFO ] [2020/11/18 18:02:31:221 org.hibernate.annotations.common.reflection.java.JavaReflectionManager-<clinit>] : HCANN000001: Hibernate Commons Annotations {5.1.0.Final}
[WARN ] [2020/11/18 18:02:31:387 org.hibernate.engine.jdbc.connections.internal.DriverManagerConnectionProviderImpl-configure] : HHH10001002: Using Hibernate built-in connection pool (not for production use!)
[INFO ] [2020/11/18 18:02:31:388 org.hibernate.engine.jdbc.connections.internal.DriverManagerConnectionProviderImpl-buildCreator] : HHH10001005: using driver [oracle.jdbc.driver.OracleDriver] at URL [jdbc:oracle:thin:@localhost:1521/XEPDB1]
[INFO ] [2020/11/18 18:02:31:389 org.hibernate.engine.jdbc.connections.internal.DriverManagerConnectionProviderImpl-buildCreator] : HHH10001001: Connection properties: {password=****, user=group4}
[INFO ] [2020/11/18 18:02:31:389 org.hibernate.engine.jdbc.connections.internal.DriverManagerConnectionProviderImpl-buildCreator] : HHH10001003: Autocommit mode: false
[INFO ] [2020/11/18 18:02:31:393 org.hibernate.engine.jdbc.connections.internal.DriverManagerConnectionProviderImpl$PooledConnections-<init>] : HHH000115: Hibernate connection pool size: 20 (min=1)
[INFO ] [2020/11/18 18:02:31:504 org.hibernate.dialect.Dialect-<init>] : HHH000400: Using dialect: org.hibernate.dialect.Oracle12cDialect
[INFO ] [2020/11/18 19:58:58:664 org.hibernate.Version-logVersion] : HHH000412: Hibernate ORM core version 5.4.22.Final
[INFO ] [2020/11/18 19:58:59:487 org.hibernate.annotations.common.reflection.java.JavaReflectionManager-<clinit>] : HCANN000001: Hibernate Commons Annotations {5.1.0.Final}
[WARN ] [2020/11/18 19:58:59:630 org.hibernate.engine.jdbc.connections.internal.DriverManagerConnectionProviderImpl-configure] : HHH10001002: Using Hibernate built-in connection pool (not for production use!)
[INFO ] [2020/11/18 19:58:59:631 org.hibernate.engine.jdbc.connections.internal.DriverManagerConnectionProviderImpl-buildCreator] : HHH10001005: using driver [oracle.jdbc.driver.OracleDriver] at URL [jdbc:oracle:thin:@localhost:1521/XEPDB1]
[INFO ] [2020/11/18 19:58:59:632 org.hibernate.engine.jdbc.connections.internal.DriverManagerConnectionProviderImpl-buildCreator] : HHH10001001: Connection properties: {password=****, user=group4}
[INFO ] [2020/11/18 19:58:59:632 org.hibernate.engine.jdbc.connections.internal.DriverManagerConnectionProviderImpl-buildCreator] : HHH10001003: Autocommit mode: false
[INFO ] [2020/11/18 19:58:59:635 org.hibernate.engine.jdbc.connections.internal.DriverManagerConnectionProviderImpl$PooledConnections-<init>] : HHH000115: Hibernate connection pool size: 20 (min=1)
[INFO ] [2020/11/18 19:58:59:807 org.hibernate.dialect.Dialect-<init>] : HHH000400: Using dialect: org.hibernate.dialect.Oracle12cDialect
